Created by PLY version 3.11 (http://www.dabeaz.com/ply)

Unused terminals:

    COMMENTS
    FUNCTIONNAME

Grammar

Rule 0     S' -> command
Rule 1     command -> ADDRESSNAME OPCODE NUMBER SEMICOLON
Rule 2     command -> OPCODE NUMBER SEMICOLON
Rule 3     command -> OPCODE body
Rule 4     command -> OPCODE
Rule 5     body -> REGISTER COMMA REGISTER COMMA REGISTER SEMICOLON
Rule 6     body -> REGISTER COMMA REGISTER NUMBER SEMICOLON
Rule 7     body -> REGISTER COMMA NUMBER SEMICOLON
Rule 8     body -> REGISTER COMMA REGISTER SEMICOLON
Rule 9     body -> REGISTER SEMICOLON

Terminals, with rules where they appear

ADDRESSNAME          : 1
COMMA                : 5 5 6 7 8
COMMENTS             : 
FUNCTIONNAME         : 
NUMBER               : 1 2 6 7
OPCODE               : 1 2 3 4
REGISTER             : 5 5 5 6 6 7 8 8 9
SEMICOLON            : 1 2 5 6 7 8 9
error                : 

Nonterminals, with rules where they appear

body                 : 3
command              : 0

Parsing method: LALR

state 0

    (0) S' -> . command
    (1) command -> . ADDRESSNAME OPCODE NUMBER SEMICOLON
    (2) command -> . OPCODE NUMBER SEMICOLON
    (3) command -> . OPCODE body
    (4) command -> . OPCODE

    ADDRESSNAME     shift and go to state 2
    OPCODE          shift and go to state 3

    command                        shift and go to state 1

state 1

    (0) S' -> command .



state 2

    (1) command -> ADDRESSNAME . OPCODE NUMBER SEMICOLON

    OPCODE          shift and go to state 4


state 3

    (2) command -> OPCODE . NUMBER SEMICOLON
    (3) command -> OPCODE . body
    (4) command -> OPCODE .
    (5) body -> . REGISTER COMMA REGISTER COMMA REGISTER SEMICOLON
    (6) body -> . REGISTER COMMA REGISTER NUMBER SEMICOLON
    (7) body -> . REGISTER COMMA NUMBER SEMICOLON
    (8) body -> . REGISTER COMMA REGISTER SEMICOLON
    (9) body -> . REGISTER SEMICOLON

    NUMBER          shift and go to state 5
    $end            reduce using rule 4 (command -> OPCODE .)
    REGISTER        shift and go to state 7

    body                           shift and go to state 6

state 4

    (1) command -> ADDRESSNAME OPCODE . NUMBER SEMICOLON

    NUMBER          shift and go to state 8


state 5

    (2) command -> OPCODE NUMBER . SEMICOLON

    SEMICOLON       shift and go to state 9


state 6

    (3) command -> OPCODE body .

    $end            reduce using rule 3 (command -> OPCODE body .)


state 7

    (5) body -> REGISTER . COMMA REGISTER COMMA REGISTER SEMICOLON
    (6) body -> REGISTER . COMMA REGISTER NUMBER SEMICOLON
    (7) body -> REGISTER . COMMA NUMBER SEMICOLON
    (8) body -> REGISTER . COMMA REGISTER SEMICOLON
    (9) body -> REGISTER . SEMICOLON

    COMMA           shift and go to state 10
    SEMICOLON       shift and go to state 11


state 8

    (1) command -> ADDRESSNAME OPCODE NUMBER . SEMICOLON

    SEMICOLON       shift and go to state 12


state 9

    (2) command -> OPCODE NUMBER SEMICOLON .

    $end            reduce using rule 2 (command -> OPCODE NUMBER SEMICOLON .)


state 10

    (5) body -> REGISTER COMMA . REGISTER COMMA REGISTER SEMICOLON
    (6) body -> REGISTER COMMA . REGISTER NUMBER SEMICOLON
    (7) body -> REGISTER COMMA . NUMBER SEMICOLON
    (8) body -> REGISTER COMMA . REGISTER SEMICOLON

    REGISTER        shift and go to state 13
    NUMBER          shift and go to state 14


state 11

    (9) body -> REGISTER SEMICOLON .

    $end            reduce using rule 9 (body -> REGISTER SEMICOLON .)


state 12

    (1) command -> ADDRESSNAME OPCODE NUMBER SEMICOLON .

    $end            reduce using rule 1 (command -> ADDRESSNAME OPCODE NUMBER SEMICOLON .)


state 13

    (5) body -> REGISTER COMMA REGISTER . COMMA REGISTER SEMICOLON
    (6) body -> REGISTER COMMA REGISTER . NUMBER SEMICOLON
    (8) body -> REGISTER COMMA REGISTER . SEMICOLON

    COMMA           shift and go to state 15
    NUMBER          shift and go to state 17
    SEMICOLON       shift and go to state 16


state 14

    (7) body -> REGISTER COMMA NUMBER . SEMICOLON

    SEMICOLON       shift and go to state 18


state 15

    (5) body -> REGISTER COMMA REGISTER COMMA . REGISTER SEMICOLON

    REGISTER        shift and go to state 19


state 16

    (8) body -> REGISTER COMMA REGISTER SEMICOLON .

    $end            reduce using rule 8 (body -> REGISTER COMMA REGISTER SEMICOLON .)


state 17

    (6) body -> REGISTER COMMA REGISTER NUMBER . SEMICOLON

    SEMICOLON       shift and go to state 20


state 18

    (7) body -> REGISTER COMMA NUMBER SEMICOLON .

    $end            reduce using rule 7 (body -> REGISTER COMMA NUMBER SEMICOLON .)


state 19

    (5) body -> REGISTER COMMA REGISTER COMMA REGISTER . SEMICOLON

    SEMICOLON       shift and go to state 21


state 20

    (6) body -> REGISTER COMMA REGISTER NUMBER SEMICOLON .

    $end            reduce using rule 6 (body -> REGISTER COMMA REGISTER NUMBER SEMICOLON .)


state 21

    (5) body -> REGISTER COMMA REGISTER COMMA REGISTER SEMICOLON .

    $end            reduce using rule 5 (body -> REGISTER COMMA REGISTER COMMA REGISTER SEMICOLON .)

